

<!DOCTYPE html>
<html>
<head>
<meta charset="UTF-8">
<meta name="viewport" content="width=device-width, initial-scale=1, shrink-to-fit=no">
<title>Extent Report</title>
<link rel="apple-touch-icon" href="https://cdn.jsdelivr.net/gh/extent-framework/extent-github-cdn@b00a2d0486596e73dd7326beacf352c639623a0e/commons/img/logo.png">
<link rel="shortcut icon" href="https://cdn.jsdelivr.net/gh/extent-framework/extent-github-cdn@b00a2d0486596e73dd7326beacf352c639623a0e/commons/img/logo.png">
<link href="https://cdn.jsdelivr.net/gh/extent-framework/extent-github-cdn@d6562a79075e061305ccfdb82f01e5e195e2d307/spark/css/spark-style.css" rel="stylesheet" />
<link href="https://stackpath.bootstrapcdn.com/font-awesome/4.7.0/css/font-awesome.min.css" rel="stylesheet">
<script src="https://cdn.jsdelivr.net/gh/extent-framework/extent-github-cdn@7cc78ce/spark/js/jsontree.js"></script>
<style type="text/css"></style></head><body class="spa bdd-report dark">
  <div class="app">
    <div class="layout">
<div class="header navbar">
<div class="vheader">
<div class="nav-logo">
<a href="#">
<div class="logo" style="background-image: url('https://cdn.jsdelivr.net/gh/extent-framework/extent-github-cdn@b00a2d0486596e73dd7326beacf352c639623a0e/commons/img/logo.png')"></div>
</a>
</div>
<ul class="nav-left">
<li class="search-box">
<a class="search-toggle" href="#">
<i class="search-icon fa fa-search"></i>
<i class="search-icon-close fa fa-close"></i>
</a>
</li>
<li class="search-input"><input id="search-tests" class="form-control" type="text" placeholder="Search..."></li>
</ul>
<ul class="nav-right">
<li class="m-r-10">
<a href="#"><span class="badge badge-primary">Nopcommerce Report</span></a>
</li>
<li class="m-r-10">
<a href="#"><span class="badge badge-primary">Dec 17, 2023 09:39:15 pm</span></a>
</li>
</ul>
</div>
</div><div class="side-nav">
<div class="side-nav-inner">
<ul class="side-nav-menu">
<li class="nav-item dropdown" onclick="toggleView('dashboard-view')">
<a id="nav-dashboard" class="dropdown-toggle" href="#">
<span class="ico"><i class="fa fa-bar-chart"></i></span>
</a>
</li>
<li class="nav-item dropdown" onclick="toggleView('test-view')">
<a id="nav-test" class="dropdown-toggle" href="#">
<span class="ico"><i class="fa fa-list"></i></span>
</a>
</li>
<li class="nav-item dropdown" onclick="toggleView('category-view')">
<a id="nav-category" class="dropdown-toggle" href="#">
<span class="ico"><i class="fa fa-tag"></i></span>
</a>
</li>
<li class="nav-item dropdown" onclick="toggleView('exception-view')">
<a id="nav-exception" class="dropdown-toggle" href="#">
<span class="ico"><i class="fa fa-bug"></i></span>
</a>
</li>
</ul>
</div>
</div>      <div class="vcontainer">
        <div class="main-content">
<div class="container-fluid p-4 view dashboard-view">
<div class="row">
<div class="col-md-3">
<div class="card"><div class="card-body">
<p class="m-b-0">Started</p>
<h3>Dec 17, 2023 09:39:15 pm</h3>
</div></div>
</div>
<div class="col-md-3">
<div class="card"><div class="card-body">
<p class="m-b-0">Ended</p>
<h3>Dec 17, 2023 09:41:41 pm</h3>
</div></div>
</div>
<div class="col-md-3">
<div class="card"><div class="card-body">
<p class="m-b-0 text-pass">Features Passed</p>
<h3>0</h3>
</div></div>
</div>
<div class="col-md-3">
<div class="card"><div class="card-body">
<p class="m-b-0 text-fail">Features Failed</p>
<h3>3</h3>
</div></div>
</div>
</div>
<div class="row">
<div class="col-md-4">
<div class="card">
<div class="card-header">
<h6 class="card-title">Features</h6>
</div>
<div class="card-body">
<div class="">
<canvas id='parent-analysis' width='115' height='90'></canvas>
</div>
</div>
<div class="card-footer">
<div><small data-tooltip='0%'>
<b>0</b> features passed
</small>
</div>
<div>
<small data-tooltip='100%'><b>3</b> features failed,
<b>0</b> skipped, <b data-tooltip='0%'>0</b> others
</small>
</div>
</div>
</div>
</div>
<div class="col-md-4">
<div class="card">
<div class="card-header">
<h6 class="card-title">Scenarios</h6>
</div>
<div class="card-body">
<div class="">
<canvas id='child-analysis' width='115' height='90'></canvas>
</div>
</div>
<div class="card-footer">
<div><small data-tooltip='33%'><b>4</b> scenarios passed</small></div>
<div>
<small data-tooltip='66%'><b>8</b> scenarios failed,
<b>0</b> skipped, <b data-tooltip='%'>0</b> others
</small>
</div>
</div>
</div>
</div>
<div class="col-md-4">
<div class="card">
<div class="card-header">
<h6 class="card-title">Steps</h6>
</div>
<div class="card-body">
<div class="">
<canvas id='grandchild-analysis' width='115' height='90'></canvas>
</div>
</div>
<div class="card-footer">
<div><small data-tooltip='54%'><b>49</b> steps passed</small></div>
<div>
<small data-tooltip='13%'><b>12</b> steps failed,
<b>29</b> skipped, <b data-tooltip='%'>0</b> others
</small>
</div>
</div>
</div>
</div>
</div>
<div class="row"><div class="col-md-12">
<div class="card"><div class="card-header"><p>Timeline</p></div>
<div class="card-body pt-0"><div>
<canvas id="timeline" height="120"></canvas>
</div></div>
</div>
</div></div>
<script>
var timeline = {
"Computer Test":107.798,"Login Feature":28.517,"Register Test":8.809
};
</script>
<div class="row">
<div class="col-lg-6 col-md-12 category-container">
<div class="card">
<div class="card-header"><p>Tags</p></div>
<div class="card-body pb-0 pt-0"><table class="table table-sm table-bordered">
<thead><tr class="bg-gray"><th>Name</th><th>Passed</th><th>Failed</th><th>Skipped</th><th>Others</th><th>Passed %</th></tr></thead><tbody>
<tr>
<td>@smoke</td>
<td>2</td>
<td>4</td>
<td>0</td>
<td>0</td>
<td>33.333%</td>
</tr>
<tr>
<td>@regression</td>
<td>4</td>
<td>8</td>
<td>0</td>
<td>0</td>
<td>33.333%</td>
</tr>
<tr>
<td>@sanity</td>
<td>2</td>
<td>1</td>
<td>0</td>
<td>0</td>
<td>66.667%</td>
</tr>
</tbody>
</table></div>
</div>
</div>
<div class="col-lg-6 col-md-12 sysenv-container">
<div class="card">
<div class="card-header"><p>System/Environment</p></div>
<div class="card-body pb-0 pt-0"><table class="table table-sm table-bordered">
<thead><tr class="bg-gray"><th>Name</th><th>Value</th></tr></thead>
<tbody>
<tr>
<td>Engineer</td>
<td>Jay Vaghani</td>
</tr>
<tr>
<td>Project</td>
<td>Nop commerce</td>
</tr>
<tr>
<td>os</td>
<td>Windows</td>
</tr>
</tbody>
</table></div>
</div>
</div>
</div>
</div>
<script>
var statusGroup = {
parentCount: 5,
passParent: 0,
failParent: 3,
warningParent: 0,
skipParent: 0,
childCount: 5,
passChild: 4,
failChild: 8,
warningChild: 0,
skipChild: 0,
infoChild: 0,
grandChildCount: 5,
passGrandChild: 49,
failGrandChild: 12,
warningGrandChild: 0,
skipGrandChild: 29,
infoGrandChild: 0,
eventsCount: 5,
};
</script><div class="test-wrapper row view test-view">
  <div class="test-list">
    <div class="test-list-tools">
<ul class="tools pull-left">
<li><a href="#"><span class="font-size-14">Tests</span></a></li>
</ul>
<ul class="tools text-right">
<li class="dropdown">
<a href="#" class="dropdown-toggle" data-toggle="dropdown"><i class="fa fa-exclamation-circle"></i></a>
<ul id="status-toggle" class="dropdown-menu dropdown-md p-v-0">
<a class="dropdown-item" status="fail" href="#"><span>Fail</span><span class="status danger"></span></a>
<div class="dropdown-divider"></div>
<a status="clear" class="dropdown-item" href="#"><span>Clear</span><span class="pull-right"><i class="fa fa-close"></i></span></a>
</ul>
</li>
<li class="dropdown">
<a href="#" class="dropdown-toggle" data-toggle="dropdown"><i class="fa fa-tag"></i></a>
<ul id="tag-toggle" class="dropdown-menu dropdown-md p-v-0">
<a class="dropdown-item" href="#">@smoke</a><a class="dropdown-item" href="#">@regression</a><a class="dropdown-item" href="#">@sanity</a>
</ul>
</li>
</ul>
</div>    <div class="test-list-wrapper scrollable">
      <ul class="test-list-item">
        <li class="test-item"  status="fail" test-id="1"
          author=""
          tag=""
          device="">
          <div class="test-detail">
            <p class="name">Computer Test</p>
            <p class="text-sm">
              <span>21:39:16</span> / <span>00:01:47:798</span>
              <span class="badge fail-bg log float-right">Fail</span>
            </p>
          </div>
          <div class="test-contents d-none">
<div class="detail-head">
<div class="p-v-10">
<div class="info">
<h5 class="test-status text-fail">Computer Test</h5>
<span class='badge badge-success'>12.17.2023 21:39:16</span>
<span class='badge badge-danger'>12.17.2023 21:41:03</span>
<span class='badge badge-default'>00:01:47:798</span>
&middot; <span class='uri-anchor badge badge-default'>#test-id=1</span>
<span class='badge badge-default pointer float-right ml-1 et'><i class="fa fa-chevron-down"></i></span>
<span class='badge badge-default pointer float-right ct'><i class="fa fa-chevron-up"></i></span>
</div>
<div class="m-t-10 m-l-5"> As a user I want to build computer and add to cart into nop commerce website</div>
</div>
</div>
<div class="accordion mt-4">
  <div class="card">
    <div class="card-header" role="tab">
      <div class="card-title">
        <div class="node" id="2"><span class="badge log pass-bg mr-2">Pass</span>Verify User Should Navigate To Computer Page Successfully</div>
      </div>
    </div>
        <div class="collapse">
          <div class="card-body">
              <div class="step pass-bg" title="com.nopcommerce.demo.steps.RegisterSteps.iAmOnHomepage()">
                <span>Given I am on homepage</span>
      <div>
      </div>
              </div>
              <div class="step pass-bg" title="com.nopcommerce.demo.steps.ComputerSteps.iClickOnComputerLink()">
                <span>When I click on computer link</span>
      <div>
      </div>
              </div>
              <div class="step pass-bg" title="com.nopcommerce.demo.steps.ComputerSteps.iShouldSeeTheTextMessageComputerPage(java.lang.String)">
                <span>Then I should see the "Computers" text message computer page</span>
      <div>
      </div>
              </div>
          </div>
        </div>
  </div>
  <div class="card">
    <div class="card-header" role="tab">
      <div class="card-title">
        <div class="node" id="8"><span class="badge log fail-bg mr-2">Fail</span>Verify User Should Navigate To Desktops Page Successfully</div>
      </div>
    </div>
        <div class="">
          <div class="card-body">
              <div class="step pass-bg" title="com.nopcommerce.demo.steps.RegisterSteps.iAmOnHomepage()">
                <span>Given I am on homepage</span>
      <div>
      </div>
              </div>
              <div class="step pass-bg" title="com.nopcommerce.demo.steps.ComputerSteps.iClickOnComputerLink()">
                <span>When I click on computer link</span>
      <div>
      </div>
              </div>
              <div class="step pass-bg" title="com.nopcommerce.demo.steps.ComputerSteps.iClickOnDesktopLink()">
                <span>And I click on desktop link</span>
      <div>
      </div>
              </div>
              <div class="step fail-bg" title="com.nopcommerce.demo.steps.ComputerSteps.iShouldSeeTheTextMessageDesktopPage(java.lang.String)">
                <span>Then I should see the "Desktops" text message desktop page</span>
      <div>
        <textarea disabled class="code-block">org.openqa.selenium.NoSuchElementException: no such element: Unable to locate element: {"method":"xpath","selector":"//h1[text()='Computers']"}
  (Session info: chrome=120.0.6099.109)
For documentation on this error, please visit: https://www.selenium.dev/documentation/webdriver/troubleshooting/errors#no-such-element-exception
Build info: version: '4.15.0', revision: '1d14b5521b'
System info: os.name: 'Windows 11', os.arch: 'amd64', os.version: '10.0', java.version: '17.0.8'
Driver info: org.openqa.selenium.chrome.ChromeDriver
Command: [677d9f6cfe782296fa5091931ee579c9, findElement {using=xpath, value=//h1[text()='Computers']}]
Capabilities {acceptInsecureCerts: false, browserName: chrome, browserVersion: 120.0.6099.109, chrome: {chromedriverVersion: 120.0.6099.71 (9729082fe617..., userDataDir: C:\Users\halva\AppData\Loca...}, fedcm:accounts: true, goog:chromeOptions: {debuggerAddress: localhost:50181}, networkConnectionEnabled: false, pageLoadStrategy: normal, platformName: windows, proxy: Proxy(), se:cdp: ws://localhost:50181/devtoo..., se:cdpVersion: 120.0.6099.109, setWindowRect: true, strictFileInteractability: false, timeouts: {implicit: 0, pageLoad: 300000, script: 30000}, unhandledPromptBehavior: dismiss and notify, webauthn:extension:credBlob: true, webauthn:extension:largeBlob: true, webauthn:extension:minPinLength: true, webauthn:extension:prf: true, webauthn:virtualAuthenticators: true}
Session ID: 677d9f6cfe782296fa5091931ee579c9
	at java.base/jdk.internal.reflect.NativeConstructorAccessorImpl.newInstance0(Native Method)
	at java.base/jdk.internal.reflect.NativeConstructorAccessorImpl.newInstance(NativeConstructorAccessorImpl.java:77)
	at java.base/jdk.internal.reflect.DelegatingConstructorAccessorImpl.newInstance(DelegatingConstructorAccessorImpl.java:45)
	at java.base/java.lang.reflect.Constructor.newInstanceWithCaller(Constructor.java:499)
	at java.base/java.lang.reflect.Constructor.newInstance(Constructor.java:480)
	at org.openqa.selenium.remote.codec.w3c.W3CHttpResponseCodec.createException(W3CHttpResponseCodec.java:200)
	at org.openqa.selenium.remote.codec.w3c.W3CHttpResponseCodec.decode(W3CHttpResponseCodec.java:133)
	at org.openqa.selenium.remote.codec.w3c.W3CHttpResponseCodec.decode(W3CHttpResponseCodec.java:52)
	at org.openqa.selenium.remote.HttpCommandExecutor.execute(HttpCommandExecutor.java:191)
	at org.openqa.selenium.remote.service.DriverCommandExecutor.invokeExecute(DriverCommandExecutor.java:200)
	at org.openqa.selenium.remote.service.DriverCommandExecutor.execute(DriverCommandExecutor.java:175)
	at org.openqa.selenium.remote.RemoteWebDriver.execute(RemoteWebDriver.java:607)
	at org.openqa.selenium.remote.ElementLocation$ElementFinder$2.findElement(ElementLocation.java:165)
	at org.openqa.selenium.remote.ElementLocation.findElement(ElementLocation.java:59)
	at org.openqa.selenium.remote.RemoteWebDriver.findElement(RemoteWebDriver.java:364)
	at org.openqa.selenium.remote.RemoteWebDriver.findElement(RemoteWebDriver.java:358)
	at org.openqa.selenium.support.pagefactory.DefaultElementLocator.findElement(DefaultElementLocator.java:68)
	at org.openqa.selenium.support.pagefactory.internal.LocatingElementHandler.invoke(LocatingElementHandler.java:38)
	at jdk.proxy2/jdk.proxy2.$Proxy29.getText(Unknown Source)
	at com.nopcommerce.demo.pages.ComputerPage.getComputerText(ComputerPage.java:44)
	at com.nopcommerce.demo.steps.ComputerSteps.iShouldSeeTheTextMessageDesktopPage(ComputerSteps.java:27)
	at ✽.I should see the "Desktops" text message desktop page(file:///C:/Users/halva/IdeaProjects/nop-commerce-demo-sw-6/src/test/resources/features/computerpage.feature:14)
</textarea>
      
      </div>
              </div>
          </div>
        </div>
  </div>
  <div class="card">
    <div class="card-header" role="tab">
      <div class="card-title">
        <div class="node" id="15"><span class="badge log fail-bg mr-2">Fail</span>Verify That User Should Build You Own Computer And Add Them To Cart Successfully</div>
      </div>
    </div>
        <div class="scenario_outline ">
            <div class="card-body l1">
              <div class="card-header">
                <div class="card-title outline-child">
                  <div class="node" id="16"><span class="badge log fail-bg mr-2">Fail</span>Verify That User Should Build You Own Computer And Add Them To Cart Successfully</div>
                </div>
              </div>
              <div class="card-body mt-3 ">
                  <div class="step pass-bg">
                    <span>Given I am on homepage</span>
      <div>
      </div>
                  </div>
                  <div class="step pass-bg">
                    <span>When I click on computer link</span>
      <div>
      </div>
                  </div>
                  <div class="step pass-bg">
                    <span>And I click on desktop link</span>
      <div>
      </div>
                  </div>
                  <div class="step fail-bg">
                    <span>And I click on build computer link</span>
      <div>
        <textarea disabled class="code-block">org.openqa.selenium.NoSuchElementException: no such element: Unable to locate element: {"method":"css selector","selector":"*[name='buildComputer']"}
  (Session info: chrome=120.0.6099.109)
For documentation on this error, please visit: https://www.selenium.dev/documentation/webdriver/troubleshooting/errors#no-such-element-exception
Build info: version: '4.15.0', revision: '1d14b5521b'
System info: os.name: 'Windows 11', os.arch: 'amd64', os.version: '10.0', java.version: '17.0.8'
Driver info: org.openqa.selenium.chrome.ChromeDriver
Command: [288416c3723d5e9f193219ad92c08dd5, findElement {using=css selector, value=*[name='buildComputer']}]
Capabilities {acceptInsecureCerts: false, browserName: chrome, browserVersion: 120.0.6099.109, chrome: {chromedriverVersion: 120.0.6099.71 (9729082fe617..., userDataDir: C:\Users\halva\AppData\Loca...}, fedcm:accounts: true, goog:chromeOptions: {debuggerAddress: localhost:50217}, networkConnectionEnabled: false, pageLoadStrategy: normal, platformName: windows, proxy: Proxy(), se:cdp: ws://localhost:50217/devtoo..., se:cdpVersion: 120.0.6099.109, setWindowRect: true, strictFileInteractability: false, timeouts: {implicit: 0, pageLoad: 300000, script: 30000}, unhandledPromptBehavior: dismiss and notify, webauthn:extension:credBlob: true, webauthn:extension:largeBlob: true, webauthn:extension:minPinLength: true, webauthn:extension:prf: true, webauthn:virtualAuthenticators: true}
Session ID: 288416c3723d5e9f193219ad92c08dd5
	at java.base/jdk.internal.reflect.NativeConstructorAccessorImpl.newInstance0(Native Method)
	at java.base/jdk.internal.reflect.NativeConstructorAccessorImpl.newInstance(NativeConstructorAccessorImpl.java:77)
	at java.base/jdk.internal.reflect.DelegatingConstructorAccessorImpl.newInstance(DelegatingConstructorAccessorImpl.java:45)
	at java.base/java.lang.reflect.Constructor.newInstanceWithCaller(Constructor.java:499)
	at java.base/java.lang.reflect.Constructor.newInstance(Constructor.java:480)
	at org.openqa.selenium.remote.codec.w3c.W3CHttpResponseCodec.createException(W3CHttpResponseCodec.java:200)
	at org.openqa.selenium.remote.codec.w3c.W3CHttpResponseCodec.decode(W3CHttpResponseCodec.java:133)
	at org.openqa.selenium.remote.codec.w3c.W3CHttpResponseCodec.decode(W3CHttpResponseCodec.java:52)
	at org.openqa.selenium.remote.HttpCommandExecutor.execute(HttpCommandExecutor.java:191)
	at org.openqa.selenium.remote.service.DriverCommandExecutor.invokeExecute(DriverCommandExecutor.java:200)
	at org.openqa.selenium.remote.service.DriverCommandExecutor.execute(DriverCommandExecutor.java:175)
	at org.openqa.selenium.remote.RemoteWebDriver.execute(RemoteWebDriver.java:607)
	at org.openqa.selenium.remote.ElementLocation$ElementFinder$2.findElement(ElementLocation.java:165)
	at org.openqa.selenium.remote.ElementLocation.findElement(ElementLocation.java:59)
	at org.openqa.selenium.remote.RemoteWebDriver.findElement(RemoteWebDriver.java:364)
	at org.openqa.selenium.remote.RemoteWebDriver.findElement(RemoteWebDriver.java:358)
	at org.openqa.selenium.By$PreW3CLocator.findElement(By.java:430)
	at org.openqa.selenium.By$ByName.findElement(By.java:237)
	at org.openqa.selenium.support.ByIdOrName.findElement(ByIdOrName.java:49)
	at org.openqa.selenium.remote.ElementLocation$ElementFinder$1.findElement(ElementLocation.java:139)
	at org.openqa.selenium.remote.ElementLocation.findElement(ElementLocation.java:81)
	at org.openqa.selenium.remote.RemoteWebDriver.findElement(RemoteWebDriver.java:364)
	at org.openqa.selenium.remote.RemoteWebDriver.findElement(RemoteWebDriver.java:358)
	at org.openqa.selenium.support.pagefactory.DefaultElementLocator.findElement(DefaultElementLocator.java:68)
	at org.openqa.selenium.support.pagefactory.internal.LocatingElementHandler.invoke(LocatingElementHandler.java:38)
	at jdk.proxy2/jdk.proxy2.$Proxy29.click(Unknown Source)
	at com.nopcommerce.demo.utility.Utility.clickOnElement(Utility.java:52)
	at com.nopcommerce.demo.pages.BuildYourOwnComputerPage.clickBuildComputer(BuildYourOwnComputerPage.java:54)
	at com.nopcommerce.demo.steps.ComputerSteps.iClickOnBuildComputerLink(ComputerSteps.java:32)
	at ✽.I click on build computer link(file:///C:/Users/halva/IdeaProjects/nop-commerce-demo-sw-6/src/test/resources/features/computerpage.feature:21)
</textarea>
      
      </div>
                  </div>
                  <div class="step skip-bg">
                    <span>And I select "2.2 GHz Intel Pentium Dual-Core E2200" processor</span>
      <div>Step skipped
      </div>
                  </div>
                  <div class="step skip-bg">
                    <span>And I select "320 GB" hdd button</span>
      <div>Step skipped
      </div>
                  </div>
                  <div class="step skip-bg">
                    <span>And I select "2 GB" ram</span>
      <div>Step skipped
      </div>
                  </div>
                  <div class="step skip-bg">
                    <span>And I select "Vista Home [+$50.00]" os</span>
      <div>Step skipped
      </div>
                  </div>
                  <div class="step skip-bg">
                    <span>And I select "Microsoft Office [+$50.00]" software</span>
      <div>Step skipped
      </div>
                  </div>
                  <div class="step skip-bg">
                    <span>And I click on add to cart button</span>
      <div>Step skipped
      </div>
                  </div>
                  <div class="step skip-bg">
                    <span>Then I should see the "The product has been added to your shopping cart" success message</span>
      <div>Step skipped
      </div>
                  </div>
              </div>
            </div>
            <div class="card-body l1">
              <div class="card-header">
                <div class="card-title outline-child">
                  <div class="node" id="30"><span class="badge log fail-bg mr-2">Fail</span>Verify That User Should Build You Own Computer And Add Them To Cart Successfully</div>
                </div>
              </div>
              <div class="card-body mt-3 ">
                  <div class="step pass-bg">
                    <span>Given I am on homepage</span>
      <div>
      </div>
                  </div>
                  <div class="step pass-bg">
                    <span>When I click on computer link</span>
      <div>
      </div>
                  </div>
                  <div class="step pass-bg">
                    <span>And I click on desktop link</span>
      <div>
      </div>
                  </div>
                  <div class="step fail-bg">
                    <span>And I click on build computer link</span>
      <div>
        <textarea disabled class="code-block">org.openqa.selenium.NoSuchElementException: Unable to find element with locator By.cssSelector: *[name='buildComputer']
For documentation on this error, please visit: https://www.selenium.dev/documentation/webdriver/troubleshooting/errors#no-such-element-exception
Build info: version: '4.15.0', revision: '1d14b5521b'
System info: os.name: 'Windows 11', os.arch: 'amd64', os.version: '10.0', java.version: '17.0.8'
Driver info: driver.version: RemoteWebDriver
	at org.openqa.selenium.remote.ElementLocation$ElementFinder$2.findElement(ElementLocation.java:168)
	at org.openqa.selenium.remote.ElementLocation.findElement(ElementLocation.java:59)
	at org.openqa.selenium.remote.RemoteWebDriver.findElement(RemoteWebDriver.java:364)
	at org.openqa.selenium.remote.RemoteWebDriver.findElement(RemoteWebDriver.java:358)
	at org.openqa.selenium.By$PreW3CLocator.findElement(By.java:430)
	at org.openqa.selenium.By$ByName.findElement(By.java:237)
	at org.openqa.selenium.support.ByIdOrName.findElement(ByIdOrName.java:49)
	at org.openqa.selenium.remote.ElementLocation$ElementFinder$1.findElement(ElementLocation.java:139)
	at org.openqa.selenium.remote.ElementLocation.findElement(ElementLocation.java:81)
	at org.openqa.selenium.remote.RemoteWebDriver.findElement(RemoteWebDriver.java:364)
	at org.openqa.selenium.remote.RemoteWebDriver.findElement(RemoteWebDriver.java:358)
	at org.openqa.selenium.support.pagefactory.DefaultElementLocator.findElement(DefaultElementLocator.java:68)
	at org.openqa.selenium.support.pagefactory.internal.LocatingElementHandler.invoke(LocatingElementHandler.java:38)
	at jdk.proxy2/jdk.proxy2.$Proxy29.click(Unknown Source)
	at com.nopcommerce.demo.utility.Utility.clickOnElement(Utility.java:52)
	at com.nopcommerce.demo.pages.BuildYourOwnComputerPage.clickBuildComputer(BuildYourOwnComputerPage.java:54)
	at com.nopcommerce.demo.steps.ComputerSteps.iClickOnBuildComputerLink(ComputerSteps.java:32)
	at ✽.I click on build computer link(file:///C:/Users/halva/IdeaProjects/nop-commerce-demo-sw-6/src/test/resources/features/computerpage.feature:21)
</textarea>
      
      </div>
                  </div>
                  <div class="step skip-bg">
                    <span>And I select "2.5 GHz Intel Pentium Dual-Core E2200 [+$15.00]" processor</span>
      <div>Step skipped
      </div>
                  </div>
                  <div class="step skip-bg">
                    <span>And I select "400 GB [+$100.00]" hdd button</span>
      <div>Step skipped
      </div>
                  </div>
                  <div class="step skip-bg">
                    <span>And I select "4GB [+$20.00]" ram</span>
      <div>Step skipped
      </div>
                  </div>
                  <div class="step skip-bg">
                    <span>And I select "Vista Premium [+$60.00]" os</span>
      <div>Step skipped
      </div>
                  </div>
                  <div class="step skip-bg">
                    <span>And I select "Acrobat Reader [+$10.00]" software</span>
      <div>Step skipped
      </div>
                  </div>
                  <div class="step skip-bg">
                    <span>And I click on add to cart button</span>
      <div>Step skipped
      </div>
                  </div>
                  <div class="step skip-bg">
                    <span>Then I should see the "The product has been added to your shopping cart" success message</span>
      <div>Step skipped
      </div>
                  </div>
                  <div class="step fail-bg">
                    <span>com.nopcommerce.demo.steps.Hooks.tearDown(io.cucumber.java.Scenario)</span>
      <div>
        <textarea disabled class="code-block">org.openqa.selenium.NoSuchWindowException: no such window: target window already closed
from unknown error: web view not found
  (Session info: chrome=120.0.6099.109)
Build info: version: '4.15.0', revision: '1d14b5521b'
System info: os.name: 'Windows 11', os.arch: 'amd64', os.version: '10.0', java.version: '17.0.8'
Driver info: org.openqa.selenium.chrome.ChromeDriver
Command: [316b2d4e05116d52c70ad2dd642ca79b, screenshot {}]
Capabilities {acceptInsecureCerts: false, browserName: chrome, browserVersion: 120.0.6099.109, chrome: {chromedriverVersion: 120.0.6099.71 (9729082fe617..., userDataDir: C:\Users\halva\AppData\Loca...}, fedcm:accounts: true, goog:chromeOptions: {debuggerAddress: localhost:50263}, networkConnectionEnabled: false, pageLoadStrategy: normal, platformName: windows, proxy: Proxy(), se:cdp: ws://localhost:50263/devtoo..., se:cdpVersion: 120.0.6099.109, setWindowRect: true, strictFileInteractability: false, timeouts: {implicit: 0, pageLoad: 300000, script: 30000}, unhandledPromptBehavior: dismiss and notify, webauthn:extension:credBlob: true, webauthn:extension:largeBlob: true, webauthn:extension:minPinLength: true, webauthn:extension:prf: true, webauthn:virtualAuthenticators: true}
Session ID: 316b2d4e05116d52c70ad2dd642ca79b
	at java.base/jdk.internal.reflect.NativeConstructorAccessorImpl.newInstance0(Native Method)
	at java.base/jdk.internal.reflect.NativeConstructorAccessorImpl.newInstance(NativeConstructorAccessorImpl.java:77)
	at java.base/jdk.internal.reflect.DelegatingConstructorAccessorImpl.newInstance(DelegatingConstructorAccessorImpl.java:45)
	at java.base/java.lang.reflect.Constructor.newInstanceWithCaller(Constructor.java:499)
	at java.base/java.lang.reflect.Constructor.newInstance(Constructor.java:480)
	at org.openqa.selenium.remote.codec.w3c.W3CHttpResponseCodec.createException(W3CHttpResponseCodec.java:200)
	at org.openqa.selenium.remote.codec.w3c.W3CHttpResponseCodec.decode(W3CHttpResponseCodec.java:133)
	at org.openqa.selenium.remote.codec.w3c.W3CHttpResponseCodec.decode(W3CHttpResponseCodec.java:52)
	at org.openqa.selenium.remote.HttpCommandExecutor.execute(HttpCommandExecutor.java:191)
	at org.openqa.selenium.remote.service.DriverCommandExecutor.invokeExecute(DriverCommandExecutor.java:200)
	at org.openqa.selenium.remote.service.DriverCommandExecutor.execute(DriverCommandExecutor.java:175)
	at org.openqa.selenium.remote.RemoteWebDriver.execute(RemoteWebDriver.java:607)
	at org.openqa.selenium.remote.RemoteWebDriver.execute(RemoteWebDriver.java:680)
	at org.openqa.selenium.remote.RemoteWebDriver.execute(RemoteWebDriver.java:684)
	at org.openqa.selenium.remote.RemoteWebDriver.getScreenshotAs(RemoteWebDriver.java:330)
	at com.nopcommerce.demo.utility.Utility.getScreenShot(Utility.java:353)
	at com.nopcommerce.demo.steps.Hooks.tearDown(Hooks.java:17)
</textarea>
      
      </div>
                  </div>
              </div>
            </div>
            <div class="card-body l1">
              <div class="card-header">
                <div class="card-title outline-child">
                  <div class="node" id="44"><span class="badge log fail-bg mr-2">Fail</span>Verify That User Should Build You Own Computer And Add Them To Cart Successfully</div>
                </div>
              </div>
              <div class="card-body mt-3 ">
                  <div class="step pass-bg">
                    <span>Given I am on homepage</span>
      <div>
      </div>
                  </div>
                  <div class="step pass-bg">
                    <span>When I click on computer link</span>
      <div>
      </div>
                  </div>
                  <div class="step pass-bg">
                    <span>And I click on desktop link</span>
      <div>
      </div>
                  </div>
                  <div class="step fail-bg">
                    <span>And I click on build computer link</span>
      <div>
        <textarea disabled class="code-block">org.openqa.selenium.NoSuchWindowException: no such window: target window already closed
from unknown error: web view not found
  (Session info: chrome=120.0.6099.109)
Build info: version: '4.15.0', revision: '1d14b5521b'
System info: os.name: 'Windows 11', os.arch: 'amd64', os.version: '10.0', java.version: '17.0.8'
Driver info: org.openqa.selenium.chrome.ChromeDriver
Command: [5f4fea9c3f671a06198c4f13dc47c15c, findElement {using=css selector, value=*[name='buildComputer']}]
Capabilities {acceptInsecureCerts: false, browserName: chrome, browserVersion: 120.0.6099.109, chrome: {chromedriverVersion: 120.0.6099.71 (9729082fe617..., userDataDir: C:\Users\halva\AppData\Loca...}, fedcm:accounts: true, goog:chromeOptions: {debuggerAddress: localhost:50300}, networkConnectionEnabled: false, pageLoadStrategy: normal, platformName: windows, proxy: Proxy(), se:cdp: ws://localhost:50300/devtoo..., se:cdpVersion: 120.0.6099.109, setWindowRect: true, strictFileInteractability: false, timeouts: {implicit: 0, pageLoad: 300000, script: 30000}, unhandledPromptBehavior: dismiss and notify, webauthn:extension:credBlob: true, webauthn:extension:largeBlob: true, webauthn:extension:minPinLength: true, webauthn:extension:prf: true, webauthn:virtualAuthenticators: true}
Session ID: 5f4fea9c3f671a06198c4f13dc47c15c
	at java.base/jdk.internal.reflect.NativeConstructorAccessorImpl.newInstance0(Native Method)
	at java.base/jdk.internal.reflect.NativeConstructorAccessorImpl.newInstance(NativeConstructorAccessorImpl.java:77)
	at java.base/jdk.internal.reflect.DelegatingConstructorAccessorImpl.newInstance(DelegatingConstructorAccessorImpl.java:45)
	at java.base/java.lang.reflect.Constructor.newInstanceWithCaller(Constructor.java:499)
	at java.base/java.lang.reflect.Constructor.newInstance(Constructor.java:480)
	at org.openqa.selenium.remote.codec.w3c.W3CHttpResponseCodec.createException(W3CHttpResponseCodec.java:200)
	at org.openqa.selenium.remote.codec.w3c.W3CHttpResponseCodec.decode(W3CHttpResponseCodec.java:133)
	at org.openqa.selenium.remote.codec.w3c.W3CHttpResponseCodec.decode(W3CHttpResponseCodec.java:52)
	at org.openqa.selenium.remote.HttpCommandExecutor.execute(HttpCommandExecutor.java:191)
	at org.openqa.selenium.remote.service.DriverCommandExecutor.invokeExecute(DriverCommandExecutor.java:200)
	at org.openqa.selenium.remote.service.DriverCommandExecutor.execute(DriverCommandExecutor.java:175)
	at org.openqa.selenium.remote.RemoteWebDriver.execute(RemoteWebDriver.java:607)
	at org.openqa.selenium.remote.ElementLocation$ElementFinder$2.findElement(ElementLocation.java:165)
	at org.openqa.selenium.remote.ElementLocation.findElement(ElementLocation.java:59)
	at org.openqa.selenium.remote.RemoteWebDriver.findElement(RemoteWebDriver.java:364)
	at org.openqa.selenium.remote.RemoteWebDriver.findElement(RemoteWebDriver.java:358)
	at org.openqa.selenium.By$PreW3CLocator.findElement(By.java:430)
	at org.openqa.selenium.By$ByName.findElement(By.java:237)
	at org.openqa.selenium.support.ByIdOrName.findElement(ByIdOrName.java:49)
	at org.openqa.selenium.remote.ElementLocation$ElementFinder$1.findElement(ElementLocation.java:139)
	at org.openqa.selenium.remote.ElementLocation.findElement(ElementLocation.java:81)
	at org.openqa.selenium.remote.RemoteWebDriver.findElement(RemoteWebDriver.java:364)
	at org.openqa.selenium.remote.RemoteWebDriver.findElement(RemoteWebDriver.java:358)
	at org.openqa.selenium.support.pagefactory.DefaultElementLocator.findElement(DefaultElementLocator.java:68)
	at org.openqa.selenium.support.pagefactory.internal.LocatingElementHandler.invoke(LocatingElementHandler.java:38)
	at jdk.proxy2/jdk.proxy2.$Proxy29.click(Unknown Source)
	at com.nopcommerce.demo.utility.Utility.clickOnElement(Utility.java:52)
	at com.nopcommerce.demo.pages.BuildYourOwnComputerPage.clickBuildComputer(BuildYourOwnComputerPage.java:54)
	at com.nopcommerce.demo.steps.ComputerSteps.iClickOnBuildComputerLink(ComputerSteps.java:32)
	at ✽.I click on build computer link(file:///C:/Users/halva/IdeaProjects/nop-commerce-demo-sw-6/src/test/resources/features/computerpage.feature:21)
</textarea>
      
      </div>
                  </div>
                  <div class="step skip-bg">
                    <span>And I select "2.5 GHz Intel Pentium Dual-Core E2200 [+$15.00]" processor</span>
      <div>Step skipped
      </div>
                  </div>
                  <div class="step skip-bg">
                    <span>And I select "320 GB" hdd button</span>
      <div>Step skipped
      </div>
                  </div>
                  <div class="step skip-bg">
                    <span>And I select "8GB [+$60.00]" ram</span>
      <div>Step skipped
      </div>
                  </div>
                  <div class="step skip-bg">
                    <span>And I select "Vista Home [+$50.00]" os</span>
      <div>Step skipped
      </div>
                  </div>
                  <div class="step skip-bg">
                    <span>And I select "Total Commander [+$5.00]" software</span>
      <div>Step skipped
      </div>
                  </div>
                  <div class="step skip-bg">
                    <span>And I click on add to cart button</span>
      <div>Step skipped
      </div>
                  </div>
                  <div class="step skip-bg">
                    <span>Then I should see the "The product has been added to your shopping cart" success message</span>
      <div>Step skipped
      </div>
                  </div>
                  <div class="step fail-bg">
                    <span>com.nopcommerce.demo.steps.Hooks.tearDown(io.cucumber.java.Scenario)</span>
      <div>
        <textarea disabled class="code-block">org.openqa.selenium.NoSuchWindowException: no such window: target window already closed
from unknown error: web view not found
  (Session info: chrome=120.0.6099.109)
Build info: version: '4.15.0', revision: '1d14b5521b'
System info: os.name: 'Windows 11', os.arch: 'amd64', os.version: '10.0', java.version: '17.0.8'
Driver info: org.openqa.selenium.chrome.ChromeDriver
Command: [5f4fea9c3f671a06198c4f13dc47c15c, screenshot {}]
Capabilities {acceptInsecureCerts: false, browserName: chrome, browserVersion: 120.0.6099.109, chrome: {chromedriverVersion: 120.0.6099.71 (9729082fe617..., userDataDir: C:\Users\halva\AppData\Loca...}, fedcm:accounts: true, goog:chromeOptions: {debuggerAddress: localhost:50300}, networkConnectionEnabled: false, pageLoadStrategy: normal, platformName: windows, proxy: Proxy(), se:cdp: ws://localhost:50300/devtoo..., se:cdpVersion: 120.0.6099.109, setWindowRect: true, strictFileInteractability: false, timeouts: {implicit: 0, pageLoad: 300000, script: 30000}, unhandledPromptBehavior: dismiss and notify, webauthn:extension:credBlob: true, webauthn:extension:largeBlob: true, webauthn:extension:minPinLength: true, webauthn:extension:prf: true, webauthn:virtualAuthenticators: true}
Session ID: 5f4fea9c3f671a06198c4f13dc47c15c
	at java.base/jdk.internal.reflect.NativeConstructorAccessorImpl.newInstance0(Native Method)
	at java.base/jdk.internal.reflect.NativeConstructorAccessorImpl.newInstance(NativeConstructorAccessorImpl.java:77)
	at java.base/jdk.internal.reflect.DelegatingConstructorAccessorImpl.newInstance(DelegatingConstructorAccessorImpl.java:45)
	at java.base/java.lang.reflect.Constructor.newInstanceWithCaller(Constructor.java:499)
	at java.base/java.lang.reflect.Constructor.newInstance(Constructor.java:480)
	at org.openqa.selenium.remote.codec.w3c.W3CHttpResponseCodec.createException(W3CHttpResponseCodec.java:200)
	at org.openqa.selenium.remote.codec.w3c.W3CHttpResponseCodec.decode(W3CHttpResponseCodec.java:133)
	at org.openqa.selenium.remote.codec.w3c.W3CHttpResponseCodec.decode(W3CHttpResponseCodec.java:52)
	at org.openqa.selenium.remote.HttpCommandExecutor.execute(HttpCommandExecutor.java:191)
	at org.openqa.selenium.remote.service.DriverCommandExecutor.invokeExecute(DriverCommandExecutor.java:200)
	at org.openqa.selenium.remote.service.DriverCommandExecutor.execute(DriverCommandExecutor.java:175)
	at org.openqa.selenium.remote.RemoteWebDriver.execute(RemoteWebDriver.java:607)
	at org.openqa.selenium.remote.RemoteWebDriver.execute(RemoteWebDriver.java:680)
	at org.openqa.selenium.remote.RemoteWebDriver.execute(RemoteWebDriver.java:684)
	at org.openqa.selenium.remote.RemoteWebDriver.getScreenshotAs(RemoteWebDriver.java:330)
	at com.nopcommerce.demo.utility.Utility.getScreenShot(Utility.java:353)
	at com.nopcommerce.demo.steps.Hooks.tearDown(Hooks.java:17)
</textarea>
      
      </div>
                  </div>
              </div>
            </div>
        </div>
  </div>
</div>
          </div>
        </li>
        <li class="test-item"  status="fail" test-id="58"
          author=""
          tag=""
          device="">
          <div class="test-detail">
            <p class="name">Login Feature</p>
            <p class="text-sm">
              <span>21:41:03</span> / <span>00:00:28:517</span>
              <span class="badge fail-bg log float-right">Fail</span>
            </p>
          </div>
          <div class="test-contents d-none">
<div class="detail-head">
<div class="p-v-10">
<div class="info">
<h5 class="test-status text-fail">Login Feature</h5>
<span class='badge badge-success'>12.17.2023 21:41:03</span>
<span class='badge badge-danger'>12.17.2023 21:41:32</span>
<span class='badge badge-default'>00:00:28:517</span>
&middot; <span class='uri-anchor badge badge-default'>#test-id=58</span>
<span class='badge badge-default pointer float-right ml-1 et'><i class="fa fa-chevron-down"></i></span>
<span class='badge badge-default pointer float-right ct'><i class="fa fa-chevron-up"></i></span>
</div>
<div class="m-t-10 m-l-5"> In Order to perform successful login
As a User
I have to enter correct username and password</div>
</div>
</div>
<div class="accordion mt-4">
  <div class="card">
    <div class="card-header" role="tab">
      <div class="card-title">
        <div class="node" id="59"><span class="badge log pass-bg mr-2">Pass</span>User should navigate to login page successfully</div>
      </div>
    </div>
        <div class="collapse">
          <div class="card-body">
              <div class="step pass-bg" title="com.nopcommerce.demo.steps.LoginPageSteps.iOpenTheApplication()">
                <span>Given I open the application</span>
      <div>
      </div>
              </div>
              <div class="step pass-bg" title="com.nopcommerce.demo.steps.LoginPageSteps.iClickOnTheLoginLink()">
                <span>When I click on the login link</span>
      <div>
      </div>
              </div>
              <div class="step pass-bg" title="com.nopcommerce.demo.steps.LoginPageSteps.verifyThatMessageDisplay(java.lang.String)">
                <span>Then verify that "Welcome, Please Sign In!" message display</span>
      <div>
      </div>
              </div>
          </div>
        </div>
  </div>
  <div class="card">
    <div class="card-header" role="tab">
      <div class="card-title">
        <div class="node" id="65"><span class="badge log fail-bg mr-2">Fail</span>Verify the error message with invalid credentials</div>
      </div>
    </div>
        <div class="">
          <div class="card-body">
              <div class="step pass-bg" title="com.nopcommerce.demo.steps.LoginPageSteps.iOpenTheApplication()">
                <span>Given I open the application</span>
      <div>
      </div>
              </div>
              <div class="step pass-bg" title="com.nopcommerce.demo.steps.LoginPageSteps.iClickOnTheLoginLink()">
                <span>When I click on the login link</span>
      <div>
      </div>
              </div>
              <div class="step pass-bg" title="com.nopcommerce.demo.steps.LoginPageSteps.iEnterInTheEmailField(java.lang.String)">
                <span>And I enter "invalidemail@example.com" in the email field</span>
      <div>
      </div>
              </div>
              <div class="step pass-bg" title="com.nopcommerce.demo.steps.LoginPageSteps.iEnterInThePasswordField(java.lang.String)">
                <span>And I enter "invalidpassword" in the password field</span>
      <div>
      </div>
              </div>
              <div class="step pass-bg" title="com.nopcommerce.demo.steps.LoginPageSteps.iClickOnTheLoginButton()">
                <span>And I click on the login button</span>
      <div>
      </div>
              </div>
              <div class="step fail-bg" title="com.nopcommerce.demo.steps.LoginPageSteps.iShouldSeeTheErrorMessage(java.lang.String)">
                <span>Then I should see the "Invalid email or password" error message</span>
      <div>
        <textarea disabled class="code-block">java.lang.AssertionError: expected [Invalid email or password] but found [Login was unsuccessful. Please correct the errors and try again.
No customer account found]
	at org.testng.Assert.fail(Assert.java:111)
	at org.testng.Assert.failNotEquals(Assert.java:1578)
	at org.testng.Assert.assertEqualsImpl(Assert.java:150)
	at org.testng.Assert.assertEquals(Assert.java:132)
	at org.testng.Assert.assertEquals(Assert.java:656)
	at org.testng.Assert.assertEquals(Assert.java:666)
	at com.nopcommerce.demo.steps.LoginPageSteps.iShouldSeeTheErrorMessage(LoginPageSteps.java:43)
	at ✽.I should see the "Invalid email or password" error message(file:///C:/Users/halva/IdeaProjects/nop-commerce-demo-sw-6/src/test/resources/features/loginpage.feature:19)
</textarea>
      
      </div>
              </div>
          </div>
        </div>
  </div>
  <div class="card">
    <div class="card-header" role="tab">
      <div class="card-title">
        <div class="node" id="74"><span class="badge log fail-bg mr-2">Fail</span>Verify that user should log in successfully with valid credentials</div>
      </div>
    </div>
        <div class="">
          <div class="card-body">
              <div class="step pass-bg" title="com.nopcommerce.demo.steps.LoginPageSteps.iOpenTheApplication()">
                <span>Given I open the application</span>
      <div>
      </div>
              </div>
              <div class="step pass-bg" title="com.nopcommerce.demo.steps.LoginPageSteps.iClickOnTheLoginLink()">
                <span>When I click on the login link</span>
      <div>
      </div>
              </div>
              <div class="step pass-bg" title="com.nopcommerce.demo.steps.LoginPageSteps.iEnterInTheEmailField(java.lang.String)">
                <span>And I enter "validemail@example.com" in the email field</span>
      <div>
      </div>
              </div>
              <div class="step pass-bg" title="com.nopcommerce.demo.steps.LoginPageSteps.iEnterInThePasswordField(java.lang.String)">
                <span>And I enter "validpassword" in the password field</span>
      <div>
      </div>
              </div>
              <div class="step pass-bg" title="com.nopcommerce.demo.steps.LoginPageSteps.iClickOnTheLoginButton()">
                <span>And I click on the login button</span>
      <div>
      </div>
              </div>
              <div class="step fail-bg" title="com.nopcommerce.demo.steps.LoginPageSteps.iShouldSeeTheLogoutLink()">
                <span>Then I should see the logout link</span>
      <div>
        <textarea disabled class="code-block">org.openqa.selenium.NoSuchElementException: Unable to find element with locator By.xpath: //a[contains(text(),'Log out')]
For documentation on this error, please visit: https://www.selenium.dev/documentation/webdriver/troubleshooting/errors#no-such-element-exception
Build info: version: '4.15.0', revision: '1d14b5521b'
System info: os.name: 'Windows 11', os.arch: 'amd64', os.version: '10.0', java.version: '17.0.8'
Driver info: driver.version: RemoteWebDriver
	at org.openqa.selenium.remote.ElementLocation$ElementFinder$2.findElement(ElementLocation.java:168)
	at org.openqa.selenium.remote.ElementLocation.findElement(ElementLocation.java:59)
	at org.openqa.selenium.remote.RemoteWebDriver.findElement(RemoteWebDriver.java:364)
	at org.openqa.selenium.remote.RemoteWebDriver.findElement(RemoteWebDriver.java:358)
	at org.openqa.selenium.support.pagefactory.DefaultElementLocator.findElement(DefaultElementLocator.java:68)
	at org.openqa.selenium.support.pagefactory.internal.LocatingElementHandler.invoke(LocatingElementHandler.java:38)
	at jdk.proxy2/jdk.proxy2.$Proxy29.click(Unknown Source)
	at com.nopcommerce.demo.utility.Utility.clickOnElement(Utility.java:52)
	at com.nopcommerce.demo.pages.LoginPage.clickonlogout(LoginPage.java:84)
	at com.nopcommerce.demo.steps.LoginPageSteps.iShouldSeeTheLogoutLink(LoginPageSteps.java:48)
	at ✽.I should see the logout link(file:///C:/Users/halva/IdeaProjects/nop-commerce-demo-sw-6/src/test/resources/features/loginpage.feature:27)
</textarea>
      
      </div>
              </div>
              <div class="step fail-bg" title="AFTER">
                <span>com.nopcommerce.demo.steps.Hooks.tearDown(io.cucumber.java.Scenario)</span>
      <div>
        <textarea disabled class="code-block">org.openqa.selenium.NoSuchWindowException: no such window: target window already closed
from unknown error: web view not found
  (Session info: chrome=120.0.6099.109)
Build info: version: '4.15.0', revision: '1d14b5521b'
System info: os.name: 'Windows 11', os.arch: 'amd64', os.version: '10.0', java.version: '17.0.8'
Driver info: org.openqa.selenium.chrome.ChromeDriver
Command: [c14e15066d06c04cbede4e54fa937094, screenshot {}]
Capabilities {acceptInsecureCerts: false, browserName: chrome, browserVersion: 120.0.6099.109, chrome: {chromedriverVersion: 120.0.6099.71 (9729082fe617..., userDataDir: C:\Users\halva\AppData\Loca...}, fedcm:accounts: true, goog:chromeOptions: {debuggerAddress: localhost:50364}, networkConnectionEnabled: false, pageLoadStrategy: normal, platformName: windows, proxy: Proxy(), se:cdp: ws://localhost:50364/devtoo..., se:cdpVersion: 120.0.6099.109, setWindowRect: true, strictFileInteractability: false, timeouts: {implicit: 0, pageLoad: 300000, script: 30000}, unhandledPromptBehavior: dismiss and notify, webauthn:extension:credBlob: true, webauthn:extension:largeBlob: true, webauthn:extension:minPinLength: true, webauthn:extension:prf: true, webauthn:virtualAuthenticators: true}
Session ID: c14e15066d06c04cbede4e54fa937094
	at java.base/jdk.internal.reflect.NativeConstructorAccessorImpl.newInstance0(Native Method)
	at java.base/jdk.internal.reflect.NativeConstructorAccessorImpl.newInstance(NativeConstructorAccessorImpl.java:77)
	at java.base/jdk.internal.reflect.DelegatingConstructorAccessorImpl.newInstance(DelegatingConstructorAccessorImpl.java:45)
	at java.base/java.lang.reflect.Constructor.newInstanceWithCaller(Constructor.java:499)
	at java.base/java.lang.reflect.Constructor.newInstance(Constructor.java:480)
	at org.openqa.selenium.remote.codec.w3c.W3CHttpResponseCodec.createException(W3CHttpResponseCodec.java:200)
	at org.openqa.selenium.remote.codec.w3c.W3CHttpResponseCodec.decode(W3CHttpResponseCodec.java:133)
	at org.openqa.selenium.remote.codec.w3c.W3CHttpResponseCodec.decode(W3CHttpResponseCodec.java:52)
	at org.openqa.selenium.remote.HttpCommandExecutor.execute(HttpCommandExecutor.java:191)
	at org.openqa.selenium.remote.service.DriverCommandExecutor.invokeExecute(DriverCommandExecutor.java:200)
	at org.openqa.selenium.remote.service.DriverCommandExecutor.execute(DriverCommandExecutor.java:175)
	at org.openqa.selenium.remote.RemoteWebDriver.execute(RemoteWebDriver.java:607)
	at org.openqa.selenium.remote.RemoteWebDriver.execute(RemoteWebDriver.java:680)
	at org.openqa.selenium.remote.RemoteWebDriver.execute(RemoteWebDriver.java:684)
	at org.openqa.selenium.remote.RemoteWebDriver.getScreenshotAs(RemoteWebDriver.java:330)
	at com.nopcommerce.demo.utility.Utility.getScreenShot(Utility.java:353)
	at com.nopcommerce.demo.steps.Hooks.tearDown(Hooks.java:17)
</textarea>
      
      </div>
              </div>
          </div>
        </div>
  </div>
  <div class="card">
    <div class="card-header" role="tab">
      <div class="card-title">
        <div class="node" id="83"><span class="badge log fail-bg mr-2">Fail</span>Verify that user should log out successfully</div>
      </div>
    </div>
        <div class="">
          <div class="card-body">
              <div class="step pass-bg" title="com.nopcommerce.demo.steps.LoginPageSteps.iOpenTheApplication()">
                <span>Given I open the application</span>
      <div>
      </div>
              </div>
              <div class="step pass-bg" title="com.nopcommerce.demo.steps.LoginPageSteps.iClickOnTheLoginLink()">
                <span>And I click on the login link</span>
      <div>
      </div>
              </div>
              <div class="step pass-bg" title="com.nopcommerce.demo.steps.LoginPageSteps.iEnterInTheEmailField(java.lang.String)">
                <span>And I enter "validemail@example.com" in the email field</span>
      <div>
      </div>
              </div>
              <div class="step pass-bg" title="com.nopcommerce.demo.steps.LoginPageSteps.iEnterInThePasswordField(java.lang.String)">
                <span>And I enter "validpassword" in the password field</span>
      <div>
      </div>
              </div>
              <div class="step pass-bg" title="com.nopcommerce.demo.steps.LoginPageSteps.iClickOnTheLoginButton()">
                <span>And I click on the login button</span>
      <div>
      </div>
              </div>
              <div class="step fail-bg" title="com.nopcommerce.demo.steps.LoginPageSteps.iClickOnTheLogoutLink()">
                <span>When I click on the logout link</span>
      <div>
        <textarea disabled class="code-block">org.openqa.selenium.NoSuchElementException: Unable to find element with locator By.xpath: //a[contains(text(),'Log out')]
For documentation on this error, please visit: https://www.selenium.dev/documentation/webdriver/troubleshooting/errors#no-such-element-exception
Build info: version: '4.15.0', revision: '1d14b5521b'
System info: os.name: 'Windows 11', os.arch: 'amd64', os.version: '10.0', java.version: '17.0.8'
Driver info: driver.version: RemoteWebDriver
	at org.openqa.selenium.remote.ElementLocation$ElementFinder$2.findElement(ElementLocation.java:168)
	at org.openqa.selenium.remote.ElementLocation.findElement(ElementLocation.java:59)
	at org.openqa.selenium.remote.RemoteWebDriver.findElement(RemoteWebDriver.java:364)
	at org.openqa.selenium.remote.RemoteWebDriver.findElement(RemoteWebDriver.java:358)
	at org.openqa.selenium.support.pagefactory.DefaultElementLocator.findElement(DefaultElementLocator.java:68)
	at org.openqa.selenium.support.pagefactory.internal.LocatingElementHandler.invoke(LocatingElementHandler.java:38)
	at jdk.proxy2/jdk.proxy2.$Proxy29.click(Unknown Source)
	at com.nopcommerce.demo.utility.Utility.clickOnElement(Utility.java:52)
	at com.nopcommerce.demo.pages.LoginPage.clickonlogout(LoginPage.java:84)
	at com.nopcommerce.demo.steps.LoginPageSteps.iClickOnTheLogoutLink(LoginPageSteps.java:53)
	at ✽.I click on the logout link(file:///C:/Users/halva/IdeaProjects/nop-commerce-demo-sw-6/src/test/resources/features/loginpage.feature:35)
</textarea>
      
      </div>
              </div>
              <div class="step skip-bg" title="com.nopcommerce.demo.steps.LoginPageSteps.iShouldSeeTheLoginLink()">
                <span>Then I should see the login link</span>
      <div>Step skipped
      </div>
              </div>
              <div class="step fail-bg" title="AFTER">
                <span>com.nopcommerce.demo.steps.Hooks.tearDown(io.cucumber.java.Scenario)</span>
      <div>
        <textarea disabled class="code-block">org.openqa.selenium.NoSuchWindowException: no such window: target window already closed
from unknown error: web view not found
  (Session info: chrome=120.0.6099.109)
Build info: version: '4.15.0', revision: '1d14b5521b'
System info: os.name: 'Windows 11', os.arch: 'amd64', os.version: '10.0', java.version: '17.0.8'
Driver info: org.openqa.selenium.chrome.ChromeDriver
Command: [098d4dd5a2f3a665e300374ee908e8b1, screenshot {}]
Capabilities {acceptInsecureCerts: false, browserName: chrome, browserVersion: 120.0.6099.109, chrome: {chromedriverVersion: 120.0.6099.71 (9729082fe617..., userDataDir: C:\Users\halva\AppData\Loca...}, fedcm:accounts: true, goog:chromeOptions: {debuggerAddress: localhost:50391}, networkConnectionEnabled: false, pageLoadStrategy: normal, platformName: windows, proxy: Proxy(), se:cdp: ws://localhost:50391/devtoo..., se:cdpVersion: 120.0.6099.109, setWindowRect: true, strictFileInteractability: false, timeouts: {implicit: 0, pageLoad: 300000, script: 30000}, unhandledPromptBehavior: dismiss and notify, webauthn:extension:credBlob: true, webauthn:extension:largeBlob: true, webauthn:extension:minPinLength: true, webauthn:extension:prf: true, webauthn:virtualAuthenticators: true}
Session ID: 098d4dd5a2f3a665e300374ee908e8b1
	at java.base/jdk.internal.reflect.NativeConstructorAccessorImpl.newInstance0(Native Method)
	at java.base/jdk.internal.reflect.NativeConstructorAccessorImpl.newInstance(NativeConstructorAccessorImpl.java:77)
	at java.base/jdk.internal.reflect.DelegatingConstructorAccessorImpl.newInstance(DelegatingConstructorAccessorImpl.java:45)
	at java.base/java.lang.reflect.Constructor.newInstanceWithCaller(Constructor.java:499)
	at java.base/java.lang.reflect.Constructor.newInstance(Constructor.java:480)
	at org.openqa.selenium.remote.codec.w3c.W3CHttpResponseCodec.createException(W3CHttpResponseCodec.java:200)
	at org.openqa.selenium.remote.codec.w3c.W3CHttpResponseCodec.decode(W3CHttpResponseCodec.java:133)
	at org.openqa.selenium.remote.codec.w3c.W3CHttpResponseCodec.decode(W3CHttpResponseCodec.java:52)
	at org.openqa.selenium.remote.HttpCommandExecutor.execute(HttpCommandExecutor.java:191)
	at org.openqa.selenium.remote.service.DriverCommandExecutor.invokeExecute(DriverCommandExecutor.java:200)
	at org.openqa.selenium.remote.service.DriverCommandExecutor.execute(DriverCommandExecutor.java:175)
	at org.openqa.selenium.remote.RemoteWebDriver.execute(RemoteWebDriver.java:607)
	at org.openqa.selenium.remote.RemoteWebDriver.execute(RemoteWebDriver.java:680)
	at org.openqa.selenium.remote.RemoteWebDriver.execute(RemoteWebDriver.java:684)
	at org.openqa.selenium.remote.RemoteWebDriver.getScreenshotAs(RemoteWebDriver.java:330)
	at com.nopcommerce.demo.utility.Utility.getScreenShot(Utility.java:353)
	at com.nopcommerce.demo.steps.Hooks.tearDown(Hooks.java:17)
</textarea>
      
      </div>
              </div>
          </div>
        </div>
  </div>
</div>
          </div>
        </li>
        <li class="test-item"  status="fail" test-id="93"
          author=""
          tag=""
          device="">
          <div class="test-detail">
            <p class="name">Register Test</p>
            <p class="text-sm">
              <span>21:41:32</span> / <span>00:00:08:809</span>
              <span class="badge fail-bg log float-right">Fail</span>
            </p>
          </div>
          <div class="test-contents d-none">
<div class="detail-head">
<div class="p-v-10">
<div class="info">
<h5 class="test-status text-fail">Register Test</h5>
<span class='badge badge-success'>12.17.2023 21:41:32</span>
<span class='badge badge-danger'>12.17.2023 21:41:41</span>
<span class='badge badge-default'>00:00:08:809</span>
&middot; <span class='uri-anchor badge badge-default'>#test-id=93</span>
<span class='badge badge-default pointer float-right ml-1 et'><i class="fa fa-chevron-down"></i></span>
<span class='badge badge-default pointer float-right ct'><i class="fa fa-chevron-up"></i></span>
</div>
<div class="m-t-10 m-l-5"> As a user I want to register into nop commerce website</div>
</div>
</div>
<div class="accordion mt-4">
  <div class="card">
    <div class="card-header" role="tab">
      <div class="card-title">
        <div class="node" id="94"><span class="badge log pass-bg mr-2">Pass</span>Verify User Should Navigate To Register Page Successfully</div>
      </div>
    </div>
        <div class="collapse">
          <div class="card-body">
              <div class="step pass-bg" title="com.nopcommerce.demo.steps.RegisterSteps.iAmOnHomepage()">
                <span>Given I am on homepage</span>
      <div>
      </div>
              </div>
              <div class="step pass-bg" title="com.nopcommerce.demo.steps.RegisterSteps.iClickOnRegisterLink()">
                <span>When I click on register link</span>
      <div>
      </div>
              </div>
              <div class="step pass-bg" title="com.nopcommerce.demo.steps.RegisterSteps.iShouldSeeTheRegisterText()">
                <span>Then I should see the register text</span>
      <div>
      </div>
              </div>
          </div>
        </div>
  </div>
  <div class="card">
    <div class="card-header" role="tab">
      <div class="card-title">
        <div class="node" id="100"><span class="badge log pass-bg mr-2">Pass</span>Verify That First Name, Last Name, Email Password and Confirm Password Fields are Mandatory</div>
      </div>
    </div>
        <div class="collapse">
          <div class="card-body">
              <div class="step pass-bg" title="com.nopcommerce.demo.steps.RegisterSteps.iAmOnHomepage()">
                <span>Given I am on homepage</span>
      <div>
      </div>
              </div>
              <div class="step pass-bg" title="com.nopcommerce.demo.steps.RegisterSteps.iClickOnRegisterLink()">
                <span>When I click on register link</span>
      <div>
      </div>
              </div>
              <div class="step pass-bg" title="com.nopcommerce.demo.steps.RegisterSteps.iClickOnRegisterButton()">
                <span>And I click on register button</span>
      <div>
      </div>
              </div>
              <div class="step pass-bg" title="com.nopcommerce.demo.steps.RegisterSteps.iShouldSeeTheErrorMessageInFirstNameField(java.lang.String)">
                <span>Then I should see the error message "First name is required." in first name field</span>
      <div>
      </div>
              </div>
              <div class="step pass-bg" title="com.nopcommerce.demo.steps.RegisterSteps.iShouldSeeTheErrorMessageInLastNameField(java.lang.String)">
                <span>And I should see the error message "Last name is required." in last name field</span>
      <div>
      </div>
              </div>
              <div class="step pass-bg" title="com.nopcommerce.demo.steps.RegisterSteps.iShouldSeeTheErrorMessageInEmailField(java.lang.String)">
                <span>And I should see the error message "Email is required." in email field</span>
      <div>
      </div>
              </div>
              <div class="step pass-bg" title="com.nopcommerce.demo.steps.RegisterSteps.iShouldSeeTheErrorMessageInPasswordField(java.lang.String)">
                <span>And I should see the error message "Password is required." in password field</span>
      <div>
      </div>
              </div>
              <div class="step pass-bg" title="com.nopcommerce.demo.steps.RegisterSteps.iShouldSeeTheErrorMessageInConfirmPasswordField(java.lang.String)">
                <span>And I should see the error message "Password is required." in confirm password field</span>
      <div>
      </div>
              </div>
          </div>
        </div>
  </div>
  <div class="card">
    <div class="card-header" role="tab">
      <div class="card-title">
        <div class="node" id="111"><span class="badge log fail-bg mr-2">Fail</span>Verify That User Should Create Account Successfully</div>
      </div>
    </div>
        <div class="">
          <div class="card-body">
              <div class="step pass-bg" title="com.nopcommerce.demo.steps.RegisterSteps.iAmOnHomepage()">
                <span>Given I am on homepage</span>
      <div>
      </div>
              </div>
              <div class="step pass-bg" title="com.nopcommerce.demo.steps.RegisterSteps.iClickOnRegisterLink()">
                <span>When I click on register link</span>
      <div>
      </div>
              </div>
              <div class="step pass-bg" title="com.nopcommerce.demo.steps.RegisterSteps.iClickOnFemaleRadioButton()">
                <span>And I click on female radio button</span>
      <div>
      </div>
              </div>
              <div class="step pass-bg" title="com.nopcommerce.demo.steps.RegisterSteps.iEnterInFirstNameField(java.lang.String)">
                <span>And I enter "Sam" in first name field</span>
      <div>
      </div>
              </div>
              <div class="step pass-bg" title="com.nopcommerce.demo.steps.RegisterSteps.iEnterInLastNameField(java.lang.String)">
                <span>And I enter "Patel" in last name field</span>
      <div>
      </div>
              </div>
              <div class="step fail-bg" title="com.nopcommerce.demo.steps.RegisterSteps.iSelectDay(java.lang.String,java.lang.String,java.lang.String)">
                <span>And I select "5" day</span>
      <div>
        <textarea disabled class="code-block">io.cucumber.core.exception.CucumberException: Step [I select {string} day] is defined with 3 parameters at 'com.nopcommerce.demo.steps.RegisterSteps.iSelectDay(java.lang.String,java.lang.String,java.lang.String)'.
However, the gherkin step has 1 arguments:
 * "5"
Step text: I select "5" day
	at io.cucumber.core.runner.PickleStepDefinitionMatch.arityMismatch(PickleStepDefinitionMatch.java:83)
	at io.cucumber.core.runner.PickleStepDefinitionMatch.runStep(PickleStepDefinitionMatch.java:42)
	at io.cucumber.core.runner.ExecutionMode$1.execute(ExecutionMode.java:10)
	at io.cucumber.core.runner.TestStep.executeStep(TestStep.java:84)
	at io.cucumber.core.runner.TestStep.run(TestStep.java:56)
	at io.cucumber.core.runner.PickleStepTestStep.run(PickleStepTestStep.java:51)
	at io.cucumber.core.runner.TestCase.run(TestCase.java:84)
	at io.cucumber.core.runner.Runner.runPickle(Runner.java:75)
	at io.cucumber.testng.TestNGCucumberRunner.lambda$runScenario$1(TestNGCucumberRunner.java:132)
	at io.cucumber.core.runtime.CucumberExecutionContext.lambda$runTestCase$5(CucumberExecutionContext.java:137)
	at io.cucumber.core.runtime.RethrowingThrowableCollector.executeAndThrow(RethrowingThrowableCollector.java:23)
	at io.cucumber.core.runtime.CucumberExecutionContext.runTestCase(CucumberExecutionContext.java:137)
	at io.cucumber.testng.TestNGCucumberRunner.runScenario(TestNGCucumberRunner.java:129)
	at io.cucumber.testng.AbstractTestNGCucumberTests.runScenario(AbstractTestNGCucumberTests.java:35)
	at java.base/jdk.internal.reflect.NativeMethodAccessorImpl.invoke0(Native Method)
	at java.base/jdk.internal.reflect.NativeMethodAccessorImpl.invoke(NativeMethodAccessorImpl.java:77)
	at java.base/jdk.internal.reflect.DelegatingMethodAccessorImpl.invoke(DelegatingMethodAccessorImpl.java:43)
	at java.base/java.lang.reflect.Method.invoke(Method.java:568)
	at org.testng.internal.invokers.MethodInvocationHelper.invokeMethod(MethodInvocationHelper.java:139)
	at org.testng.internal.invokers.TestInvoker.invokeMethod(TestInvoker.java:664)
	at org.testng.internal.invokers.TestInvoker.invokeTestMethod(TestInvoker.java:227)
	at org.testng.internal.invokers.MethodRunner.runInSequence(MethodRunner.java:50)
	at org.testng.internal.invokers.TestInvoker$MethodInvocationAgent.invoke(TestInvoker.java:957)
	at org.testng.internal.invokers.TestInvoker.invokeTestMethods(TestInvoker.java:200)
	at org.testng.internal.invokers.TestMethodWorker.invokeTestMethods(TestMethodWorker.java:148)
	at org.testng.internal.invokers.TestMethodWorker.run(TestMethodWorker.java:128)
	at java.base/java.util.ArrayList.forEach(ArrayList.java:1511)
	at org.testng.TestRunner.privateRun(TestRunner.java:848)
	at org.testng.TestRunner.run(TestRunner.java:621)
	at org.testng.SuiteRunner.runTest(SuiteRunner.java:443)
	at org.testng.SuiteRunner.runSequentially(SuiteRunner.java:437)
	at org.testng.SuiteRunner.privateRun(SuiteRunner.java:397)
	at org.testng.SuiteRunner.run(SuiteRunner.java:336)
	at org.testng.SuiteRunnerWorker.runSuite(SuiteRunnerWorker.java:52)
	at org.testng.SuiteRunnerWorker.run(SuiteRunnerWorker.java:95)
	at org.testng.TestNG.runSuitesSequentially(TestNG.java:1280)
	at org.testng.TestNG.runSuitesLocally(TestNG.java:1200)
	at org.testng.TestNG.runSuites(TestNG.java:1114)
	at org.testng.TestNG.run(TestNG.java:1082)
	at com.intellij.rt.testng.IDEARemoteTestNG.run(IDEARemoteTestNG.java:66)
	at com.intellij.rt.testng.RemoteTestNGStarter.main(RemoteTestNGStarter.java:105)
</textarea>
      
      </div>
              </div>
              <div class="step skip-bg" title="com.nopcommerce.demo.steps.RegisterSteps.iSelectMonth(java.lang.String)">
                <span>And I select "May" month</span>
      <div>Step skipped
      </div>
              </div>
              <div class="step skip-bg" title="com.nopcommerce.demo.steps.RegisterSteps.iSelectYear(java.lang.String)">
                <span>And I select "1990" year</span>
      <div>Step skipped
      </div>
              </div>
              <div class="step skip-bg" title="com.nopcommerce.demo.steps.RegisterSteps.iEnterEmail(java.lang.String)">
                <span>And I enter email "ram12@ymail.com"</span>
      <div>Step skipped
      </div>
              </div>
              <div class="step skip-bg" title="com.nopcommerce.demo.steps.RegisterSteps.iEnterPassword(java.lang.String)">
                <span>And I enter password "123456"</span>
      <div>Step skipped
      </div>
              </div>
              <div class="step skip-bg" title="com.nopcommerce.demo.steps.RegisterSteps.iEnterConfirmPassword(java.lang.String)">
                <span>And I enter confirm password "123456"</span>
      <div>Step skipped
      </div>
              </div>
              <div class="step skip-bg" title="com.nopcommerce.demo.steps.RegisterSteps.iClickOnRegisterButton()">
                <span>And I click on register button</span>
      <div>Step skipped
      </div>
              </div>
              <div class="step skip-bg" title="com.nopcommerce.demo.steps.RegisterSteps.iShouldSeeTheRegisteredMessage(java.lang.String)">
                <span>Then I should see the registered message "Your registration completed"</span>
      <div>Step skipped
      </div>
              </div>
          </div>
        </div>
  </div>
</div>
          </div>
        </li>
      </ul>
    </div>
  </div>
<div class="test-content scrollable">
<div class="test-content-tools">
<ul><li><a class="back-to-test" href="#"><i class="fa fa-arrow-left"></i></a></li></ul>
</div>
<div class="test-content-detail"><div class="detail-body"></div></div>
</div></div>
<div class="test-wrapper row view category-view attributes-view">
<div class="test-list">
<div class="test-list-tools">
<ul class="tools pull-left"><li><a href=""><span class="font-size-14">Category</span></a></li></ul>
<ul class="tools text-right"><li><a href="#"><span class="badge badge-primary">3</span></a></li></ul>
</div>
<div class="test-list-wrapper scrollable">
<ul class="test-list-item">
<li class="test-item">
<div class="test-detail">
<span class="meta">
<span class='badge log pass-bg'>2</span>
<span class='badge log badge-danger'>4</span>
</span>
<p class="name">@smoke</p>
<p class="duration text-sm">6 tests</p>
</div>
<div class="test-contents d-none">
<div class="info">
<h4>@smoke</h4>
<span status="pass" class='badge log pass-bg'>2 passed</span>
<span status="fail" class='badge log badge-danger'>4 failed</span>
</div>
<table class='table table-sm mt-4'>
<thead>
<tr>
<th class="status-col">Status</th>
<th class="timestamp-col">Timestamp</th>
<th>TestName</th>
</tr>
</thead>
<tbody>
<tr class="tag-test-status" status="fail">
<td><span class="badge log fail-bg">Fail</span></td>
<td>21:39:19 pm</td>
<td>
<a href="#" class="linked" test-id='1' id='8'>Verify User Should Navigate To Desktops Page Successfully</a>
<div class="">
<span class="badge badge-default">Computer Test.Verify User Should Navigate To Desktops Page Successfully</span>
</div>
</td>
</tr>
<tr class="tag-test-status" status="fail">
<td><span class="badge log fail-bg">Fail</span></td>
<td>21:39:43 pm</td>
<td>
<a href="#" class="linked" test-id='1' id='16'>Verify That User Should Build You Own Computer And Add Them To Cart Successfully</a>
<div class="">
<span class="badge badge-default">Computer Test.Verify That User Should Build You Own Computer And Add Them To Cart Successfully</span>
</div>
</td>
</tr>
<tr class="tag-test-status" status="fail">
<td><span class="badge log fail-bg">Fail</span></td>
<td>21:40:26 pm</td>
<td>
<a href="#" class="linked" test-id='1' id='30'>Verify That User Should Build You Own Computer And Add Them To Cart Successfully</a>
<div class="">
<span class="badge badge-default">Computer Test.Verify That User Should Build You Own Computer And Add Them To Cart Successfully</span>
</div>
</td>
</tr>
<tr class="tag-test-status" status="fail">
<td><span class="badge log fail-bg">Fail</span></td>
<td>21:40:56 pm</td>
<td>
<a href="#" class="linked" test-id='1' id='44'>Verify That User Should Build You Own Computer And Add Them To Cart Successfully</a>
<div class="">
<span class="badge badge-default">Computer Test.Verify That User Should Build You Own Computer And Add Them To Cart Successfully</span>
</div>
</td>
</tr>
<tr class="tag-test-status" status="pass">
<td><span class="badge log pass-bg">Pass</span></td>
<td>21:41:03 pm</td>
<td>
<a href="#" class="linked" test-id='58' id='59'>User should navigate to login page successfully</a>
<div class="">
<span class="badge badge-default">Login Feature.User should navigate to login page successfully</span>
</div>
</td>
</tr>
<tr class="tag-test-status" status="pass">
<td><span class="badge log pass-bg">Pass</span></td>
<td>21:41:35 pm</td>
<td>
<a href="#" class="linked" test-id='93' id='100'>Verify That First Name, Last Name, Email Password and Confirm Password Fields are Mandatory</a>
<div class="">
<span class="badge badge-default">Register Test.Verify That First Name, Last Name, Email Password and Confirm Password Fields are Mandatory</span>
</div>
</td>
</tr>
</tbody>
</table>
</div>
</li>
<li class="test-item">
<div class="test-detail">
<span class="meta">
<span class='badge log pass-bg'>4</span>
<span class='badge log badge-danger'>8</span>
</span>
<p class="name">@regression</p>
<p class="duration text-sm">12 tests</p>
</div>
<div class="test-contents d-none">
<div class="info">
<h4>@regression</h4>
<span status="pass" class='badge log pass-bg'>4 passed</span>
<span status="fail" class='badge log badge-danger'>8 failed</span>
</div>
<table class='table table-sm mt-4'>
<thead>
<tr>
<th class="status-col">Status</th>
<th class="timestamp-col">Timestamp</th>
<th>TestName</th>
</tr>
</thead>
<tbody>
<tr class="tag-test-status" status="pass">
<td><span class="badge log pass-bg">Pass</span></td>
<td>21:39:16 pm</td>
<td>
<a href="#" class="linked" test-id='1' id='2'>Verify User Should Navigate To Computer Page Successfully</a>
<div class="">
<span class="badge badge-default">Computer Test.Verify User Should Navigate To Computer Page Successfully</span>
</div>
</td>
</tr>
<tr class="tag-test-status" status="fail">
<td><span class="badge log fail-bg">Fail</span></td>
<td>21:39:19 pm</td>
<td>
<a href="#" class="linked" test-id='1' id='8'>Verify User Should Navigate To Desktops Page Successfully</a>
<div class="">
<span class="badge badge-default">Computer Test.Verify User Should Navigate To Desktops Page Successfully</span>
</div>
</td>
</tr>
<tr class="tag-test-status" status="fail">
<td><span class="badge log fail-bg">Fail</span></td>
<td>21:39:43 pm</td>
<td>
<a href="#" class="linked" test-id='1' id='16'>Verify That User Should Build You Own Computer And Add Them To Cart Successfully</a>
<div class="">
<span class="badge badge-default">Computer Test.Verify That User Should Build You Own Computer And Add Them To Cart Successfully</span>
</div>
</td>
</tr>
<tr class="tag-test-status" status="fail">
<td><span class="badge log fail-bg">Fail</span></td>
<td>21:40:26 pm</td>
<td>
<a href="#" class="linked" test-id='1' id='30'>Verify That User Should Build You Own Computer And Add Them To Cart Successfully</a>
<div class="">
<span class="badge badge-default">Computer Test.Verify That User Should Build You Own Computer And Add Them To Cart Successfully</span>
</div>
</td>
</tr>
<tr class="tag-test-status" status="fail">
<td><span class="badge log fail-bg">Fail</span></td>
<td>21:40:56 pm</td>
<td>
<a href="#" class="linked" test-id='1' id='44'>Verify That User Should Build You Own Computer And Add Them To Cart Successfully</a>
<div class="">
<span class="badge badge-default">Computer Test.Verify That User Should Build You Own Computer And Add Them To Cart Successfully</span>
</div>
</td>
</tr>
<tr class="tag-test-status" status="pass">
<td><span class="badge log pass-bg">Pass</span></td>
<td>21:41:03 pm</td>
<td>
<a href="#" class="linked" test-id='58' id='59'>User should navigate to login page successfully</a>
<div class="">
<span class="badge badge-default">Login Feature.User should navigate to login page successfully</span>
</div>
</td>
</tr>
<tr class="tag-test-status" status="fail">
<td><span class="badge log fail-bg">Fail</span></td>
<td>21:41:06 pm</td>
<td>
<a href="#" class="linked" test-id='58' id='65'>Verify the error message with invalid credentials</a>
<div class="">
<span class="badge badge-default">Login Feature.Verify the error message with invalid credentials</span>
</div>
</td>
</tr>
<tr class="tag-test-status" status="fail">
<td><span class="badge log fail-bg">Fail</span></td>
<td>21:41:09 pm</td>
<td>
<a href="#" class="linked" test-id='58' id='74'>Verify that user should log in successfully with valid credentials</a>
<div class="">
<span class="badge badge-default">Login Feature.Verify that user should log in successfully with valid credentials</span>
</div>
</td>
</tr>
<tr class="tag-test-status" status="fail">
<td><span class="badge log fail-bg">Fail</span></td>
<td>21:41:23 pm</td>
<td>
<a href="#" class="linked" test-id='58' id='83'>Verify that user should log out successfully</a>
<div class="">
<span class="badge badge-default">Login Feature.Verify that user should log out successfully</span>
</div>
</td>
</tr>
<tr class="tag-test-status" status="pass">
<td><span class="badge log pass-bg">Pass</span></td>
<td>21:41:32 pm</td>
<td>
<a href="#" class="linked" test-id='93' id='94'>Verify User Should Navigate To Register Page Successfully</a>
<div class="">
<span class="badge badge-default">Register Test.Verify User Should Navigate To Register Page Successfully</span>
</div>
</td>
</tr>
<tr class="tag-test-status" status="pass">
<td><span class="badge log pass-bg">Pass</span></td>
<td>21:41:35 pm</td>
<td>
<a href="#" class="linked" test-id='93' id='100'>Verify That First Name, Last Name, Email Password and Confirm Password Fields are Mandatory</a>
<div class="">
<span class="badge badge-default">Register Test.Verify That First Name, Last Name, Email Password and Confirm Password Fields are Mandatory</span>
</div>
</td>
</tr>
<tr class="tag-test-status" status="fail">
<td><span class="badge log fail-bg">Fail</span></td>
<td>21:41:38 pm</td>
<td>
<a href="#" class="linked" test-id='93' id='111'>Verify That User Should Create Account Successfully</a>
<div class="">
<span class="badge badge-default">Register Test.Verify That User Should Create Account Successfully</span>
</div>
</td>
</tr>
</tbody>
</table>
</div>
</li>
<li class="test-item">
<div class="test-detail">
<span class="meta">
<span class='badge log pass-bg'>2</span>
<span class='badge log badge-danger'>1</span>
</span>
<p class="name">@sanity</p>
<p class="duration text-sm">3 tests</p>
</div>
<div class="test-contents d-none">
<div class="info">
<h4>@sanity</h4>
<span status="pass" class='badge log pass-bg'>2 passed</span>
<span status="fail" class='badge log badge-danger'>1 failed</span>
</div>
<table class='table table-sm mt-4'>
<thead>
<tr>
<th class="status-col">Status</th>
<th class="timestamp-col">Timestamp</th>
<th>TestName</th>
</tr>
</thead>
<tbody>
<tr class="tag-test-status" status="pass">
<td><span class="badge log pass-bg">Pass</span></td>
<td>21:39:16 pm</td>
<td>
<a href="#" class="linked" test-id='1' id='2'>Verify User Should Navigate To Computer Page Successfully</a>
<div class="">
<span class="badge badge-default">Computer Test.Verify User Should Navigate To Computer Page Successfully</span>
</div>
</td>
</tr>
<tr class="tag-test-status" status="fail">
<td><span class="badge log fail-bg">Fail</span></td>
<td>21:41:06 pm</td>
<td>
<a href="#" class="linked" test-id='58' id='65'>Verify the error message with invalid credentials</a>
<div class="">
<span class="badge badge-default">Login Feature.Verify the error message with invalid credentials</span>
</div>
</td>
</tr>
<tr class="tag-test-status" status="pass">
<td><span class="badge log pass-bg">Pass</span></td>
<td>21:41:32 pm</td>
<td>
<a href="#" class="linked" test-id='93' id='94'>Verify User Should Navigate To Register Page Successfully</a>
<div class="">
<span class="badge badge-default">Register Test.Verify User Should Navigate To Register Page Successfully</span>
</div>
</td>
</tr>
</tbody>
</table>
</div>
</li>
</ul>
</div>
</div>
<div class="test-content scrollable">
<div class="test-content-detail">
<div class="detail-body"></div>
</div>
</div>
</div><div class="test-wrapper row view exception-view attributes-view">
<div class="test-list">
<div class="test-list-tools">
<ul class="tools pull-left"><li><a href=""><span class="font-size-14">Exception</span></a></li></ul>
<ul class="tools text-right"><li><a href="#"><span class="badge badge-primary">4</span></a></li></ul>
</div>
<div class="test-list-wrapper scrollable">
<ul class="test-list-item">
<li class="test-item">
<div class="test-detail">
<span class="meta">
<span class='badge log badge-danger'>5</span>
</span>
<p class="name">org.openqa.selenium.NoSuchWindowException</p>
<p class="duration text-sm">5 tests</p>
</div>
<div class="test-contents d-none">
<div class="info">
<h4>org.openqa.selenium.NoSuchWindowException</h4>
<span status="fail" class='badge log badge-danger'>5 failed</span>
</div>
<table class='table table-sm mt-4'>
<thead>
<tr>
<th class="status-col">Status</th>
<th class="timestamp-col">Timestamp</th>
<th>TestName</th>
</tr>
</thead>
<tbody>
<tr class="tag-test-status" status="fail">
<td><span class="badge log fail-bg">Fail</span></td>
<td>21:40:56 pm</td>
<td>
<a href="#" class="linked" test-id='1' id='43'>com.nopcommerce.demo.steps.Hooks.tearDown(io.cucumber.java.Scenario)</a>
<div class="">
<span class="badge badge-default">Computer Test.Verify That User Should Build You Own Computer And Add Them To Cart Successfully.com.nopcommerce.demo.steps.Hooks.tearDown(io.cucumber.java.Scenario)</span>
</div>
</td>
</tr>
<tr class="tag-test-status" status="fail">
<td><span class="badge log fail-bg">Fail</span></td>
<td>21:41:00 pm</td>
<td>
<a href="#" class="linked" test-id='1' id='49'>And I click on build computer link</a>
<div class="">
<span class="badge badge-default">Computer Test.Verify That User Should Build You Own Computer And Add Them To Cart Successfully.And I click on build computer link</span>
</div>
</td>
</tr>
<tr class="tag-test-status" status="fail">
<td><span class="badge log fail-bg">Fail</span></td>
<td>21:41:03 pm</td>
<td>
<a href="#" class="linked" test-id='1' id='57'>com.nopcommerce.demo.steps.Hooks.tearDown(io.cucumber.java.Scenario)</a>
<div class="">
<span class="badge badge-default">Computer Test.Verify That User Should Build You Own Computer And Add Them To Cart Successfully.com.nopcommerce.demo.steps.Hooks.tearDown(io.cucumber.java.Scenario)</span>
</div>
</td>
</tr>
<tr class="tag-test-status" status="fail">
<td><span class="badge log fail-bg">Fail</span></td>
<td>21:41:23 pm</td>
<td>
<a href="#" class="linked" test-id='58' id='82'>com.nopcommerce.demo.steps.Hooks.tearDown(io.cucumber.java.Scenario)</a>
<div class="">
<span class="badge badge-default">Login Feature.Verify that user should log in successfully with valid credentials.com.nopcommerce.demo.steps.Hooks.tearDown(io.cucumber.java.Scenario)</span>
</div>
</td>
</tr>
<tr class="tag-test-status" status="fail">
<td><span class="badge log fail-bg">Fail</span></td>
<td>21:41:32 pm</td>
<td>
<a href="#" class="linked" test-id='58' id='92'>com.nopcommerce.demo.steps.Hooks.tearDown(io.cucumber.java.Scenario)</a>
<div class="">
<span class="badge badge-default">Login Feature.Verify that user should log out successfully.com.nopcommerce.demo.steps.Hooks.tearDown(io.cucumber.java.Scenario)</span>
</div>
</td>
</tr>
</tbody>
</table>
</div>
</li>
<li class="test-item">
<div class="test-detail">
<span class="meta">
<span class='badge log badge-danger'>5</span>
</span>
<p class="name">org.openqa.selenium.NoSuchElementException</p>
<p class="duration text-sm">5 tests</p>
</div>
<div class="test-contents d-none">
<div class="info">
<h4>org.openqa.selenium.NoSuchElementException</h4>
<span status="fail" class='badge log badge-danger'>5 failed</span>
</div>
<table class='table table-sm mt-4'>
<thead>
<tr>
<th class="status-col">Status</th>
<th class="timestamp-col">Timestamp</th>
<th>TestName</th>
</tr>
</thead>
<tbody>
<tr class="tag-test-status" status="fail">
<td><span class="badge log fail-bg">Fail</span></td>
<td>21:39:22 pm</td>
<td>
<a href="#" class="linked" test-id='1' id='13'>Then I should see the "Desktops" text message desktop page</a>
<div class="">
<span class="badge badge-default">Computer Test.Verify User Should Navigate To Desktops Page Successfully.Then I should see the "Desktops" text message desktop page</span>
</div>
</td>
</tr>
<tr class="tag-test-status" status="fail">
<td><span class="badge log fail-bg">Fail</span></td>
<td>21:39:45 pm</td>
<td>
<a href="#" class="linked" test-id='1' id='21'>And I click on build computer link</a>
<div class="">
<span class="badge badge-default">Computer Test.Verify That User Should Build You Own Computer And Add Them To Cart Successfully.And I click on build computer link</span>
</div>
</td>
</tr>
<tr class="tag-test-status" status="fail">
<td><span class="badge log fail-bg">Fail</span></td>
<td>21:40:28 pm</td>
<td>
<a href="#" class="linked" test-id='1' id='35'>And I click on build computer link</a>
<div class="">
<span class="badge badge-default">Computer Test.Verify That User Should Build You Own Computer And Add Them To Cart Successfully.And I click on build computer link</span>
</div>
</td>
</tr>
<tr class="tag-test-status" status="fail">
<td><span class="badge log fail-bg">Fail</span></td>
<td>21:41:12 pm</td>
<td>
<a href="#" class="linked" test-id='58' id='81'>Then I should see the logout link</a>
<div class="">
<span class="badge badge-default">Login Feature.Verify that user should log in successfully with valid credentials.Then I should see the logout link</span>
</div>
</td>
</tr>
<tr class="tag-test-status" status="fail">
<td><span class="badge log fail-bg">Fail</span></td>
<td>21:41:26 pm</td>
<td>
<a href="#" class="linked" test-id='58' id='90'>When I click on the logout link</a>
<div class="">
<span class="badge badge-default">Login Feature.Verify that user should log out successfully.When I click on the logout link</span>
</div>
</td>
</tr>
</tbody>
</table>
</div>
</li>
<li class="test-item">
<div class="test-detail">
<span class="meta">
<span class='badge log badge-danger'>1</span>
</span>
<p class="name">io.cucumber.core.exception.CucumberException</p>
<p class="duration text-sm">1 tests</p>
</div>
<div class="test-contents d-none">
<div class="info">
<h4>io.cucumber.core.exception.CucumberException</h4>
<span status="fail" class='badge log badge-danger'>1 failed</span>
</div>
<table class='table table-sm mt-4'>
<thead>
<tr>
<th class="status-col">Status</th>
<th class="timestamp-col">Timestamp</th>
<th>TestName</th>
</tr>
</thead>
<tbody>
<tr class="tag-test-status" status="fail">
<td><span class="badge log fail-bg">Fail</span></td>
<td>21:41:40 pm</td>
<td>
<a href="#" class="linked" test-id='93' id='118'>And I select "5" day</a>
<div class="">
<span class="badge badge-default">Register Test.Verify That User Should Create Account Successfully.And I select "5" day</span>
</div>
</td>
</tr>
</tbody>
</table>
</div>
</li>
<li class="test-item">
<div class="test-detail">
<span class="meta">
<span class='badge log badge-danger'>1</span>
</span>
<p class="name">java.lang.AssertionError</p>
<p class="duration text-sm">1 tests</p>
</div>
<div class="test-contents d-none">
<div class="info">
<h4>java.lang.AssertionError</h4>
<span status="fail" class='badge log badge-danger'>1 failed</span>
</div>
<table class='table table-sm mt-4'>
<thead>
<tr>
<th class="status-col">Status</th>
<th class="timestamp-col">Timestamp</th>
<th>TestName</th>
</tr>
</thead>
<tbody>
<tr class="tag-test-status" status="fail">
<td><span class="badge log fail-bg">Fail</span></td>
<td>21:41:09 pm</td>
<td>
<a href="#" class="linked" test-id='58' id='72'>Then I should see the "Invalid email or password" error message</a>
<div class="">
<span class="badge badge-default">Login Feature.Verify the error message with invalid credentials.Then I should see the "Invalid email or password" error message</span>
</div>
</td>
</tr>
</tbody>
</table>
</div>
</li>
</ul>
</div>
</div>
<div class="test-content scrollable">
<div class="test-content-detail">
<div class="detail-body"></div>
</div>
</div>
</div>        </div>
      </div>
    </div>
  </div>
<script src="https://cdn.jsdelivr.net/gh/extent-framework/extent-github-cdn@d6562a79075e061305ccfdb82f01e5e195e2d307/spark/js/spark-script.js"></script>
<script type="text/javascript"></script></body>
</html>